Determining if the pthread_create exist failed with the following output:
Change Dir: /home/zubuntu/Projects/sdu_courses/rovis/project/workspace/RoviSamplePlugin/build/CMakeFiles/CMakeTmp

Run Build Command:"/usr/bin/make" "cmTC_1d276/fast"
/usr/bin/make -f CMakeFiles/cmTC_1d276.dir/build.make CMakeFiles/cmTC_1d276.dir/build
make[1]: Entering directory '/home/zubuntu/Projects/sdu_courses/rovis/project/workspace/RoviSamplePlugin/build/CMakeFiles/CMakeTmp'
Building C object CMakeFiles/cmTC_1d276.dir/CheckSymbolExists.c.o
/usr/bin/cc    -o CMakeFiles/cmTC_1d276.dir/CheckSymbolExists.c.o   -c /home/zubuntu/Projects/sdu_courses/rovis/project/workspace/RoviSamplePlugin/build/CMakeFiles/CMakeTmp/CheckSymbolExists.c
Linking C executable cmTC_1d276
/home/zubuntu/.local/lib/python3.6/site-packages/cmake/data/bin/cmake -E cmake_link_script CMakeFiles/cmTC_1d276.dir/link.txt --verbose=1
/usr/bin/cc      CMakeFiles/cmTC_1d276.dir/CheckSymbolExists.c.o  -o cmTC_1d276 
CMakeFiles/cmTC_1d276.dir/CheckSymbolExists.c.o: In function `main':
CheckSymbolExists.c:(.text+0x1b): undefined reference to `pthread_create'
collect2: error: ld returned 1 exit status
CMakeFiles/cmTC_1d276.dir/build.make:86: recipe for target 'cmTC_1d276' failed
make[1]: *** [cmTC_1d276] Error 1
make[1]: Leaving directory '/home/zubuntu/Projects/sdu_courses/rovis/project/workspace/RoviSamplePlugin/build/CMakeFiles/CMakeTmp'
Makefile:121: recipe for target 'cmTC_1d276/fast' failed
make: *** [cmTC_1d276/fast] Error 2

File /home/zubuntu/Projects/sdu_courses/rovis/project/workspace/RoviSamplePlugin/build/CMakeFiles/CMakeTmp/CheckSymbolExists.c:
/* */
#include <pthread.h>

int main(int argc, char** argv)
{
  (void)argv;
#ifndef pthread_create
  return ((int*)(&pthread_create))[argc];
#else
  (void)argc;
  return 0;
#endif
}

Determining if the function pthread_create exists in the pthreads failed with the following output:
Change Dir: /home/zubuntu/Projects/sdu_courses/rovis/project/workspace/RoviSamplePlugin/build/CMakeFiles/CMakeTmp

Run Build Command:"/usr/bin/make" "cmTC_15e90/fast"
/usr/bin/make -f CMakeFiles/cmTC_15e90.dir/build.make CMakeFiles/cmTC_15e90.dir/build
make[1]: Entering directory '/home/zubuntu/Projects/sdu_courses/rovis/project/workspace/RoviSamplePlugin/build/CMakeFiles/CMakeTmp'
Building C object CMakeFiles/cmTC_15e90.dir/CheckFunctionExists.c.o
/usr/bin/cc   -DCHECK_FUNCTION_EXISTS=pthread_create   -o CMakeFiles/cmTC_15e90.dir/CheckFunctionExists.c.o   -c /home/zubuntu/.local/lib/python3.6/site-packages/cmake/data/share/cmake-3.13/Modules/CheckFunctionExists.c
Linking C executable cmTC_15e90
/home/zubuntu/.local/lib/python3.6/site-packages/cmake/data/bin/cmake -E cmake_link_script CMakeFiles/cmTC_15e90.dir/link.txt --verbose=1
/usr/bin/cc  -DCHECK_FUNCTION_EXISTS=pthread_create    CMakeFiles/cmTC_15e90.dir/CheckFunctionExists.c.o  -o cmTC_15e90 -lpthreads 
/usr/bin/ld: cannot find -lpthreads
collect2: error: ld returned 1 exit status
CMakeFiles/cmTC_15e90.dir/build.make:86: recipe for target 'cmTC_15e90' failed
make[1]: *** [cmTC_15e90] Error 1
make[1]: Leaving directory '/home/zubuntu/Projects/sdu_courses/rovis/project/workspace/RoviSamplePlugin/build/CMakeFiles/CMakeTmp'
Makefile:121: recipe for target 'cmTC_15e90/fast' failed
make: *** [cmTC_15e90/fast] Error 2


