Determining if the pthread_create exist failed with the following output:
Change Dir: /home/zubuntu/Projects/sdu_courses/rovis/project/workspace/Controller/build/CMakeFiles/CMakeTmp

Run Build Command:"/usr/bin/make" "cmTC_8462d/fast"
/usr/bin/make -f CMakeFiles/cmTC_8462d.dir/build.make CMakeFiles/cmTC_8462d.dir/build
make[1]: Entering directory '/home/zubuntu/Projects/sdu_courses/rovis/project/workspace/Controller/build/CMakeFiles/CMakeTmp'
Building C object CMakeFiles/cmTC_8462d.dir/CheckSymbolExists.c.o
/usr/bin/cc    -o CMakeFiles/cmTC_8462d.dir/CheckSymbolExists.c.o   -c /home/zubuntu/Projects/sdu_courses/rovis/project/workspace/Controller/build/CMakeFiles/CMakeTmp/CheckSymbolExists.c
Linking C executable cmTC_8462d
/home/zubuntu/.local/lib/python3.6/site-packages/cmake/data/bin/cmake -E cmake_link_script CMakeFiles/cmTC_8462d.dir/link.txt --verbose=1
/usr/bin/cc      -rdynamic CMakeFiles/cmTC_8462d.dir/CheckSymbolExists.c.o  -o cmTC_8462d 
CMakeFiles/cmTC_8462d.dir/CheckSymbolExists.c.o: In function `main':
CheckSymbolExists.c:(.text+0x1b): undefined reference to `pthread_create'
collect2: error: ld returned 1 exit status
CMakeFiles/cmTC_8462d.dir/build.make:86: recipe for target 'cmTC_8462d' failed
make[1]: *** [cmTC_8462d] Error 1
make[1]: Leaving directory '/home/zubuntu/Projects/sdu_courses/rovis/project/workspace/Controller/build/CMakeFiles/CMakeTmp'
Makefile:121: recipe for target 'cmTC_8462d/fast' failed
make: *** [cmTC_8462d/fast] Error 2

File /home/zubuntu/Projects/sdu_courses/rovis/project/workspace/Controller/build/CMakeFiles/CMakeTmp/CheckSymbolExists.c:
/* */
#include <pthread.h>

int main(int argc, char** argv)
{
  (void)argv;
#ifndef pthread_create
  return ((int*)(&pthread_create))[argc];
#else
  (void)argc;
  return 0;
#endif
}

Determining if the function pthread_create exists in the pthreads failed with the following output:
Change Dir: /home/zubuntu/Projects/sdu_courses/rovis/project/workspace/Controller/build/CMakeFiles/CMakeTmp

Run Build Command:"/usr/bin/make" "cmTC_0bd82/fast"
/usr/bin/make -f CMakeFiles/cmTC_0bd82.dir/build.make CMakeFiles/cmTC_0bd82.dir/build
make[1]: Entering directory '/home/zubuntu/Projects/sdu_courses/rovis/project/workspace/Controller/build/CMakeFiles/CMakeTmp'
Building C object CMakeFiles/cmTC_0bd82.dir/CheckFunctionExists.c.o
/usr/bin/cc   -DCHECK_FUNCTION_EXISTS=pthread_create   -o CMakeFiles/cmTC_0bd82.dir/CheckFunctionExists.c.o   -c /home/zubuntu/.local/lib/python3.6/site-packages/cmake/data/share/cmake-3.13/Modules/CheckFunctionExists.c
Linking C executable cmTC_0bd82
/home/zubuntu/.local/lib/python3.6/site-packages/cmake/data/bin/cmake -E cmake_link_script CMakeFiles/cmTC_0bd82.dir/link.txt --verbose=1
/usr/bin/cc  -DCHECK_FUNCTION_EXISTS=pthread_create    -rdynamic CMakeFiles/cmTC_0bd82.dir/CheckFunctionExists.c.o  -o cmTC_0bd82 -lpthreads 
/usr/bin/ld: cannot find -lpthreads
collect2: error: ld returned 1 exit status
CMakeFiles/cmTC_0bd82.dir/build.make:86: recipe for target 'cmTC_0bd82' failed
make[1]: *** [cmTC_0bd82] Error 1
make[1]: Leaving directory '/home/zubuntu/Projects/sdu_courses/rovis/project/workspace/Controller/build/CMakeFiles/CMakeTmp'
Makefile:121: recipe for target 'cmTC_0bd82/fast' failed
make: *** [cmTC_0bd82/fast] Error 2


